<?xml version="1.0" encoding="UTF-8"?>
<!-- Generated by org.testng.reporters.JUnitReportReporter -->
<testsuite skipped="0" hostname="DESKTOP-GEC7SOS" name="com.RunnerFile.RunnerClass" tests="1" failures="0" timestamp="17 Apr 2020 13:07:59 GMT" time="0.077" errors="0">
  <testcase name="feature" time="0.077" classname="com.RunnerFile.RunnerClass"/>
</testsuite> <!-- com.RunnerFile.RunnerClass -->
